error: undefined
error: Expected retryWrites to be stringified boolean value, got: tre
error: ? (archivo.logs)
error: ? (archivo.logs)
error: ? (archivo.logs)
error: ? (archivo.logs)
error: generateUniqueCode is not defined
error: falló estrategia de autenticacion
error: falló estrategia de autenticacion
error: falló estrategia de autenticacion
error: falló estrategia de autenticacion
error: falló estrategia de autenticacion
error: falló estrategia de autenticacion
error: falló estrategia de autenticacion
error: falló estrategia de autenticacion
error: el usuario no existe
error: falló estrategia de autenticacion
error: falló estrategia de autenticacion
error: No puedes usar la misma contraseña
error: falló estrategia de autenticacion
error: el usuario no existe
error: falló estrategia de autenticacion
error: falló estrategia de autenticacion
error: falló estrategia de autenticacion
error: undefined {"kind":"string","path":"role","reason":null,"stringValue":"\"{ role: 'premium' }\"","value":{"role":"premium"},"valueType":"Object"}
